DeskClock/proguard_logs/seeds.txt
cz.mpelant.deskclock.AnalogClock
cz.mpelant.deskclock.AnalogClock: AnalogClock(android.content.Context)
cz.mpelant.deskclock.AnalogClock: AnalogClock(android.content.Context,android.util.AttributeSet)
cz.mpelant.deskclock.AnalogClock: AnalogClock(android.content.Context,android.util.AttributeSet,int)
cz.mpelant.deskclock.AnalogClock: void setTimeZone(java.lang.String)
cz.mpelant.deskclock.App
cz.mpelant.deskclock.App: App()
cz.mpelant.deskclock.BaseScreenOnActivity: BaseScreenOnActivity()
cz.mpelant.deskclock.BrightnessPreference
cz.mpelant.deskclock.BrightnessPreference: BrightnessPreference(android.content.Context,android.util.AttributeSet)
cz.mpelant.deskclock.BrightnessPreference: BrightnessPreference(android.content.Context,android.util.AttributeSet,int)
cz.mpelant.deskclock.ClockActivity
cz.mpelant.deskclock.ClockActivity: ClockActivity()
cz.mpelant.deskclock.DigitalClock
cz.mpelant.deskclock.DigitalClock: DigitalClock(android.content.Context)
cz.mpelant.deskclock.DigitalClock: DigitalClock(android.content.Context,android.util.AttributeSet)
cz.mpelant.deskclock.DigitalClock: void setLive(boolean)
cz.mpelant.deskclock.DigitalClock: void setTimeZone(java.lang.String)
cz.mpelant.deskclock.DontPressWithParentLayout: void setPressed(boolean)
cz.mpelant.deskclock.NotificationListener
cz.mpelant.deskclock.NotificationListener: NotificationListener()
cz.mpelant.deskclock.R$anim: int dim
cz.mpelant.deskclock.R$anim: int undim
cz.mpelant.deskclock.R$array: int alarm_set
cz.mpelant.deskclock.R$array: int auto_silence_entries
cz.mpelant.deskclock.R$array: int clock_style_entries
cz.mpelant.deskclock.R$array: int clock_style_entries2
cz.mpelant.deskclock.R$array: int clock_style_values2
cz.mpelant.deskclock.R$array: int sw_share_strings
cz.mpelant.deskclock.R$array: int timer_notifications
cz.mpelant.deskclock.R$array: int timezone_labels
cz.mpelant.deskclock.R$array: int volume_button_setting_entries
cz.mpelant.deskclock.R$attr: int alwaysTrackFinger
cz.mpelant.deskclock.R$attr: int directionDescriptions
cz.mpelant.deskclock.R$attr: int feedbackCount
cz.mpelant.deskclock.R$attr: int glowRadius
cz.mpelant.deskclock.R$attr: int handleDrawable
cz.mpelant.deskclock.R$attr: int innerRadius
cz.mpelant.deskclock.R$attr: int jewelColor
cz.mpelant.deskclock.R$attr: int jewelOffset
cz.mpelant.deskclock.R$attr: int jewelRadius
cz.mpelant.deskclock.R$attr: int outerRadius
cz.mpelant.deskclock.R$attr: int outerRingDrawable
cz.mpelant.deskclock.R$attr: int pointDrawable
cz.mpelant.deskclock.R$attr: int snapMargin
cz.mpelant.deskclock.R$attr: int targetDescriptions
cz.mpelant.deskclock.R$attr: int targetDrawables
cz.mpelant.deskclock.R$attr: int vibrationDuration
cz.mpelant.deskclock.R$color: int blackish
cz.mpelant.deskclock.R$color: int blackish_trans
cz.mpelant.deskclock.R$color: int clock_gray
cz.mpelant.deskclock.R$color: int clock_red
cz.mpelant.deskclock.R$color: int clock_white
cz.mpelant.deskclock.R$color: int transparent
cz.mpelant.deskclock.R$color: int transparent_white