DeskClock/proguard_logs/mapping.txt
cz.mpelant.deskclock.Alarms -> cz.mpelant.deskclock.a:
    118:118:boolean get24HourMode(android.content.Context) -> a
cz.mpelant.deskclock.AnalogClock -> cz.mpelant.deskclock.AnalogClock:
    android.text.format.Time mCalendar -> a
    android.graphics.drawable.Drawable mHourHand -> b
    android.graphics.drawable.Drawable mMinuteHand -> c
    android.graphics.drawable.Drawable mSecondHand -> d
    android.graphics.drawable.Drawable mDial -> e
    int mDialWidth -> f
    int mDialHeight -> g
    boolean mAttached -> h
    android.os.Handler mHandler -> i
    float mSeconds -> j
    float mMinutes -> k
    float mHour -> l
    boolean mChanged -> m
    android.content.Context mContext -> n
    java.lang.String mTimeZoneId -> o
    boolean mNoSeconds -> p
    float mDotRadius -> q
    float mDotOffset -> r
    android.graphics.Paint mDotPaint -> s
    android.content.BroadcastReceiver mIntentReceiver -> t
    java.lang.Runnable mClockTick -> u
    106:131:void onAttachedToWindow() -> onAttachedToWindow
    135:141:void onDetachedFromWindow() -> onDetachedFromWindow
    146:166:void onMeasure(int,int) -> onMeasure
    170:172:void onSizeChanged(int,int,int,int) -> onSizeChanged
    176:221:void onDraw(android.graphics.Canvas) -> onDraw
    225:234:void drawHand(android.graphics.Canvas,android.graphics.drawable.Drawable,int,int,float,boolean) -> a
    237:254:void onTimeChanged() -> a
    279:283:void updateContentDescription(android.text.format.Time) -> a
    286:288:void setTimeZone(java.lang.String) -> setTimeZone
cz.mpelant.deskclock.AnalogClock$1 -> cz.mpelant.deskclock.b:
    cz.mpelant.deskclock.AnalogClock this$0 -> a
    259:265:void onReceive(android.content.Context,android.content.Intent) -> onReceive
cz.mpelant.deskclock.AnalogClock$2 -> cz.mpelant.deskclock.c:
    cz.mpelant.deskclock.AnalogClock this$0 -> a
    272:275:void run() -> run
cz.mpelant.deskclock.App -> cz.mpelant.deskclock.App:
cz.mpelant.deskclock.BaseScreenOnActivity -> cz.mpelant.deskclock.d:
    android.app.PendingIntent mQuarterlyIntent -> a
    boolean mPluggedIn -> b
    int mFlags -> c
    android.content.BroadcastReceiver mIntentReceiver -> d
    void updateViews() -> a
    65:74:void onStart() -> onStart
    78:88:void onResume() -> onResume
    92:94:void onPause() -> onPause
    98:100:void onStop() -> onStop
    103:111:void setWakeLock() -> c
    114:114:int getAdditionalFlags() -> b
    30:30:boolean access$002(cz.mpelant.deskclock.BaseScreenOnActivity,boolean) -> a
    30:30:void access$100(cz.mpelant.deskclock.BaseScreenOnActivity) -> a
cz.mpelant.deskclock.BaseScreenOnActivity$1 -> cz.mpelant.deskclock.e:
    cz.mpelant.deskclock.BaseScreenOnActivity this$0 -> a
    41:58:void onReceive(android.content.Context,android.content.Intent) -> onReceive