DeskClock/proguard_logs/usage.txt
cz.mpelant.deskclock.Alarms:
    static final java.lang.String PREFERENCES
    public static final java.lang.String ALARM_ALERT_ACTION
    public static final java.lang.String ALARM_DONE_ACTION
    public static final java.lang.String ALARM_SNOOZE_ACTION
    public static final java.lang.String ALARM_DISMISS_ACTION
    public static final java.lang.String ALARM_SNOOZE_CANCELLED
    public static final java.lang.String NEXT_ALARM_TIME_SET
    public static final java.lang.String ALARM_KILLED
    public static final java.lang.String ALARM_KILLED_TIMEOUT
    public static final java.lang.String ALARM_ALERT_SILENT
    public static final java.lang.String CANCEL_SNOOZE
    public static final java.lang.String ALARM_INTENT_EXTRA
    public static final java.lang.String ALARM_RAW_DATA
    private static final java.lang.String PREF_SNOOZE_IDS
    private static final java.lang.String PREF_SNOOZE_TIME
    private static final java.lang.String DM12
    private static final java.lang.String DM24
    private static final java.lang.String M12
    static final java.lang.String M24
    static final int INVALID_ALARM_ID
    28:28:public Alarms()
    94:95:static java.lang.String formatTime(android.content.Context,java.util.Calendar)
    102:103:private static java.lang.String formatDayAndTime(android.content.Context,java.util.Calendar)
    111:112:static void saveNextAlarm(android.content.Context,java.lang.String)
cz.mpelant.deskclock.AnalogClock:
    291:292:public void enableSeconds(boolean)
cz.mpelant.deskclock.AndroidClockTextView
cz.mpelant.deskclock.App:
    public static final java.lang.String TAG
cz.mpelant.deskclock.BaseScreenOnActivity:
    static final boolean DEBUG
    static final java.lang.String TAG
cz.mpelant.deskclock.BrightnessPreference:
    private static final java.lang.String ANDROIDNS
    private static final java.lang.String CLOCKNS
    private static final int DEFAULT_VALUE
cz.mpelant.deskclock.BuildConfig
cz.mpelant.deskclock.ClockActivity:
    private static final int SCREENSAVER_DELAY
    public static final java.lang.String TAG
cz.mpelant.deskclock.DigitalClock:
    private static final java.lang.String HOURS_24
    private static final java.lang.String HOURS
    private static final java.lang.String MINUTES
    179:181:void updateTime(java.util.Calendar)
    185:190:public void updateTime(int,int)
cz.mpelant.deskclock.DontPressWithParentLayout
cz.mpelant.deskclock.GmailContract:
    public static final java.lang.String PERMISSION
    public static final java.lang.String AUTHORITY
    static final java.lang.String LABELS_PARAM
    static final java.lang.String LABEL_PARAM
    static final java.lang.String BASE_URI_STRING
    static final java.lang.String PACKAGE
    55:55:private GmailContract()
    81:109:public static boolean canReadLabels(android.content.Context)
cz.mpelant.deskclock.GmailContract$Labels:
    public static final java.lang.String CONTENT_TYPE
    public static final java.lang.String CONTENT_ITEM_TYPE
    public static final java.lang.String CANONICAL_NAME
    public static final java.lang.String NAME
    public static final java.lang.String NUM_CONVERSATIONS
    public static final java.lang.String NUM_UNREAD_CONVERSATIONS
    public static final java.lang.String TEXT_COLOR
    public static final java.lang.String BACKGROUND_COLOR
    public static final java.lang.String URI
    243:243:private GmailContract$Labels()
cz.mpelant.deskclock.GmailContract$Labels$LabelCanonicalNames
cz.mpelant.deskclock.Log:
    public static final java.lang.String LOGTAG
    static final boolean LOGV
    26:26:public Log()
    50:51:public static void e(java.lang.String,java.lang.Exception)
    54:55:public static void w(java.lang.String)
    62:62:public static java.lang.String formatTime(long)
cz.mpelant.deskclock.R:
    10:687:public R()
cz.mpelant.deskclock.R$anim
cz.mpelant.deskclock.R$array
cz.mpelant.deskclock.R$attr
cz.mpelant.deskclock.R$color
cz.mpelant.deskclock.R$dimen
cz.mpelant.deskclock.R$drawable